<?xml version="1.0" encoding="UTF-8"?>
<testsuite name="com.jojoldu.book.springboot.HelloResponseDtoTest" tests="1" skipped="0" failures="0" errors="0" timestamp="2021-01-15T04:10:40" hostname="DESKTOP-40OPJI3" time="0.389">
  <properties/>
  <testcase name="롬복_기능_테스트" classname="com.jojoldu.book.springboot.HelloResponseDtoTest" time="0.389"/>
  <system-out><![CDATA[]]></system-out>
  <system-err><![CDATA[]]></system-err>
</testsuite>
