<?xml version="1.0" encoding="UTF-8"?>
<testsuite name="com.jojoldu.book.springboot.IndexControllerTest" tests="1" skipped="0" failures="0" errors="0" timestamp="2021-01-15T04:11:08" hostname="DESKTOP-40OPJI3" time="0.863">
  <properties/>
  <testcase name="인덱스_로딩" classname="com.jojoldu.book.springboot.IndexControllerTest" time="0.863"/>
  <system-out><![CDATA[2021-01-15 13:10:41.036  INFO 8188 --- [    Test worker] .b.t.c.SpringBootTestContextBootstrapper : Neither @ContextConfiguration nor @ContextHierarchy found for test class [com.jojoldu.book.springboot.IndexControllerTest], using SpringBootContextLoader
2021-01-15 13:10:41.040  INFO 8188 --- [    Test worker] o.s.t.c.support.AbstractContextLoader    : Could not detect default resource locations for test class [com.jojoldu.book.springboot.IndexControllerTest]: no resource found for suffixes {-context.xml, Context.groovy}.
2021-01-15 13:10:41.042  INFO 8188 --- [    Test worker] t.c.s.AnnotationConfigContextLoaderUtils : Could not detect default configuration classes for test class [com.jojoldu.book.springboot.IndexControllerTest]: IndexControllerTest does not declare any static, non-private, non-final, nested classes annotated with @Configuration.
2021-01-15 13:10:41.050  INFO 8188 --- [    Test worker] .b.t.c.SpringBootTestContextBootstrapper : Found @SpringBootConfiguration com.jojoldu.book.springboot.Application for test class com.jojoldu.book.springboot.IndexControllerTest
2021-01-15 13:10:41.085  INFO 8188 --- [    Test worker] .b.t.c.SpringBootTestContextBootstrapper : Loaded default TestExecutionListener class names from location [META-INF/spring.factories]: [org.springframework.security.test.context.support.WithSecurityContextTestExecutionListener, org.springframework.security.test.context.support.ReactorContextTestExecutionListener, org.springframework.boot.test.autoconfigure.restdocs.RestDocsTestExecutionListener, org.springframework.boot.test.autoconfigure.web.client.MockRestServiceServerResetTestExecutionListener, org.springframework.boot.test.autoconfigure.web.servlet.MockMvcPrintOnlyOnFailureTestExecutionListener, org.springframework.boot.test.autoconfigure.web.servlet.WebDriverTestExecutionListener, org.springframework.boot.test.mock.mockito.MockitoTestExecutionListener, org.springframework.boot.test.mock.mockito.ResetMocksTestExecutionListener, org.springframework.test.context.web.ServletTestExecutionListener, org.springframework.test.context.support.DirtiesContextBeforeModesTestExecutionListener, org.springframework.test.context.support.DependencyInjectionTestExecutionListener, org.springframework.test.context.support.DirtiesContextTestExecutionListener, org.springframework.test.context.transaction.TransactionalTestExecutionListener, org.springframework.test.context.jdbc.SqlScriptsTestExecutionListener]
2021-01-15 13:10:41.095  INFO 8188 --- [    Test worker] .b.t.c.SpringBootTestContextBootstrapper : Using TestExecutionListeners: [org.springframework.test.context.web.ServletTestExecutionListener@65adb278, org.springframework.test.context.support.DirtiesContextBeforeModesTestExecutionListener@423e7c27, org.springframework.boot.test.mock.mockito.MockitoTestExecutionListener@308412e1, org.springframework.boot.test.autoconfigure.SpringBootDependencyInjectionTestExecutionListener@7db7db68, org.springframework.test.context.support.DirtiesContextTestExecutionListener@750188d4, org.springframework.test.context.transaction.TransactionalTestExecutionListener@44ef1d17, org.springframework.test.context.jdbc.SqlScriptsTestExecutionListener@546c1c71, org.springframework.security.test.context.support.WithSecurityContextTestExecutionListener@1743f10f, org.springframework.security.test.context.support.ReactorContextTestExecutionListener@6e7d8c1b, org.springframework.boot.test.autoconfigure.restdocs.RestDocsTestExecutionListener@52463366, org.springframework.boot.test.autoconfigure.web.client.MockRestServiceServerResetTestExecutionListener@667d32cb, org.springframework.boot.test.autoconfigure.web.servlet.MockMvcPrintOnlyOnFailureTestExecutionListener@6e3e7c82, org.springframework.boot.test.autoconfigure.web.servlet.WebDriverTestExecutionListener@6c21280a, org.springframework.boot.test.mock.mockito.ResetMocksTestExecutionListener@f1febeb]

  .   ____          _            __ _ _
 /\\ / ___'_ __ _ _(_)_ __  __ _ \ \ \ \
( ( )\___ | '_ | '_| | '_ \/ _` | \ \ \ \
 \\/  ___)| |_)| | | | | || (_| |  ) ) ) )
  '  |____| .__|_| |_|_| |_\__, | / / / /
 =========|_|==============|___/=/_/_/_/
 :: Spring Boot ::        (v2.1.7.RELEASE)

2021-01-15 13:10:41.474  INFO 8188 --- [    Test worker] c.j.book.springboot.IndexControllerTest  : Starting IndexControllerTest on DESKTOP-40OPJI3 with PID 8188 (started by mind2020 in C:\spring-tool-suite-4-4.7.1.RELEASE-e4.16.0-win32.win32.x86_64.self-extracting\SB_AWS\freelec-springboot2-webservice_p3)
2021-01-15 13:10:41.476  INFO 8188 --- [    Test worker] c.j.book.springboot.IndexControllerTest  : No active profile set, falling back to default profiles: default
2021-01-15 13:10:44.014  INFO 8188 --- [    Test worker] .s.d.r.c.RepositoryConfigurationDelegate : Bootstrapping Spring Data repositories in DEFAULT mode.
2021-01-15 13:10:44.417  INFO 8188 --- [    Test worker] .s.d.r.c.RepositoryConfigurationDelegate : Finished Spring Data repository scanning in 361ms. Found 2 repository interfaces.
2021-01-15 13:10:46.098  INFO 8188 --- [    Test worker] trationDelegate$BeanPostProcessorChecker : Bean 'org.springframework.transaction.annotation.ProxyTransactionManagementConfiguration' of type [org.springframework.transaction.annotation.ProxyTransactionManagementConfiguration$$EnhancerBySpringCGLIB$$52283906] is not eligible for getting processed by all BeanPostProcessors (for example: not eligible for auto-proxying)
2021-01-15 13:10:48.626  INFO 8188 --- [    Test worker] o.s.b.w.embedded.tomcat.TomcatWebServer  : Tomcat initialized with port(s): 0 (http)
2021-01-15 13:10:48.840  INFO 8188 --- [    Test worker] o.apache.catalina.core.StandardService   : Starting service [Tomcat]
2021-01-15 13:10:48.841  INFO 8188 --- [    Test worker] org.apache.catalina.core.StandardEngine  : Starting Servlet engine: [Apache Tomcat/9.0.22]
2021-01-15 13:10:49.635  INFO 8188 --- [    Test worker] o.a.c.c.C.[Tomcat].[localhost].[/]       : Initializing Spring embedded WebApplicationContext
2021-01-15 13:10:49.635  INFO 8188 --- [    Test worker] o.s.web.context.ContextLoader            : Root WebApplicationContext: initialization completed in 8139 ms
2021-01-15 13:10:50.810  INFO 8188 --- [    Test worker] com.zaxxer.hikari.HikariDataSource       : HikariPool-1 - Starting...
2021-01-15 13:10:51.891  INFO 8188 --- [    Test worker] com.zaxxer.hikari.HikariDataSource       : HikariPool-1 - Start completed.
2021-01-15 13:10:52.544  INFO 8188 --- [    Test worker] o.hibernate.jpa.internal.util.LogHelper  : HHH000204: Processing PersistenceUnitInfo [
	name: default
	...]
2021-01-15 13:10:53.031  INFO 8188 --- [    Test worker] org.hibernate.Version                    : HHH000412: Hibernate Core {5.3.10.Final}
2021-01-15 13:10:53.042  INFO 8188 --- [    Test worker] org.hibernate.cfg.Environment            : HHH000206: hibernate.properties not found
2021-01-15 13:10:53.364  INFO 8188 --- [    Test worker] o.hibernate.annotations.common.Version   : HCANN000001: Hibernate Commons Annotations {5.0.4.Final}
2021-01-15 13:10:54.440  INFO 8188 --- [    Test worker] org.hibernate.dialect.Dialect            : HHH000400: Using dialect: org.hibernate.dialect.H2Dialect
2021-01-15 13:10:58.567  INFO 8188 --- [    Test worker] o.h.t.schema.internal.SchemaCreatorImpl  : HHH000476: Executing import script 'org.hibernate.tool.schema.internal.exec.ScriptSourceInputNonExistentImpl@79b37f20'
2021-01-15 13:10:58.584  INFO 8188 --- [    Test worker] j.LocalContainerEntityManagerFactoryBean : Initialized JPA EntityManagerFactory for persistence unit 'default'
2021-01-15 13:11:03.529  INFO 8188 --- [    Test worker] o.h.h.i.QueryTranslatorFactoryInitiator  : HHH000397: Using ASTQueryTranslatorFactory
2021-01-15 13:11:05.543  INFO 8188 --- [    Test worker] o.s.s.web.DefaultSecurityFilterChain     : Creating filter chain: any request, [org.springframework.security.web.context.request.async.WebAsyncManagerIntegrationFilter@404811bb, org.springframework.security.web.context.SecurityContextPersistenceFilter@4ff626af, org.springframework.security.web.header.HeaderWriterFilter@aa1f0d0, org.springframework.security.web.authentication.logout.LogoutFilter@3691ea6c, org.springframework.security.oauth2.client.web.OAuth2AuthorizationRequestRedirectFilter@3744cbc4, org.springframework.security.oauth2.client.web.OAuth2LoginAuthenticationFilter@eb8246e, org.springframework.security.web.authentication.ui.DefaultLoginPageGeneratingFilter@482c7e98, org.springframework.security.web.authentication.ui.DefaultLogoutPageGeneratingFilter@2b2c6141, org.springframework.security.web.savedrequest.RequestCacheAwareFilter@2853e615, org.springframework.security.web.servletapi.SecurityContextHolderAwareRequestFilter@2df1a4bf, org.springframework.security.web.authentication.AnonymousAuthenticationFilter@6478bb1e, org.springframework.security.web.session.SessionManagementFilter@590797fe, org.springframework.security.web.access.ExceptionTranslationFilter@20d8e35f, org.springframework.security.web.access.intercept.FilterSecurityInterceptor@38ee3d8]
2021-01-15 13:11:06.503  INFO 8188 --- [    Test worker] o.s.s.concurrent.ThreadPoolTaskExecutor  : Initializing ExecutorService 'applicationTaskExecutor'
2021-01-15 13:11:06.567  WARN 8188 --- [    Test worker] aWebConfiguration$JpaWebMvcConfiguration : spring.jpa.open-in-view is enabled by default. Therefore, database queries may be performed during view rendering. Explicitly configure spring.jpa.open-in-view to disable this warning
2021-01-15 13:11:06.709  INFO 8188 --- [    Test worker] o.s.b.a.w.s.WelcomePageHandlerMapping    : Adding welcome page template: index
2021-01-15 13:11:08.355  INFO 8188 --- [    Test worker] s.a.ScheduledAnnotationBeanPostProcessor : No TaskScheduler/ScheduledExecutorService bean found for scheduled processing
2021-01-15 13:11:08.464  INFO 8188 --- [    Test worker] o.s.b.w.embedded.tomcat.TomcatWebServer  : Tomcat started on port(s): 59015 (http) with context path ''
2021-01-15 13:11:08.471  INFO 8188 --- [    Test worker] c.j.book.springboot.IndexControllerTest  : Started IndexControllerTest in 27.346 seconds (JVM running for 49.779)
2021-01-15 13:11:08.906  INFO 8188 --- [o-auto-1-exec-1] o.a.c.c.C.[Tomcat].[localhost].[/]       : Initializing Spring DispatcherServlet 'dispatcherServlet'
2021-01-15 13:11:08.906  INFO 8188 --- [o-auto-1-exec-1] o.s.web.servlet.DispatcherServlet        : Initializing Servlet 'dispatcherServlet'
2021-01-15 13:11:08.974  INFO 8188 --- [o-auto-1-exec-1] o.s.web.servlet.DispatcherServlet        : Completed initialization in 67 ms
]]></system-out>
  <system-err><![CDATA[]]></system-err>
</testsuite>
